<?xml version="1.0" encoding="UTF-8"?>
<!-- Generated by org.testng.reporters.JUnitXMLReporter -->
<testsuite ignored="2" hostname="VivoBook" failures="0" tests="1" name="Default test" time="28.582" errors="0" timestamp="2024-10-14T00:48:55 IST">
  <testcase classname="com.remedi.test.StandAloneTest" name="caseSheetFilling" time="26.218"/>
  <testcase classname="com.remedi.test.StandAloneTest" name="PrivacyLinkTest" time="0.0">
    <ignored/>
  </testcase> <!-- PrivacyLinkTest -->
  <testcase classname="com.remedi.test.StandAloneTest" name="submitTest" time="0.0">
    <ignored/>
  </testcase> <!-- submitTest -->
</testsuite> <!-- Default test -->
