<?xml version="1.0" encoding="UTF-8"?>
<!-- Generated by org.testng.reporters.JUnitXMLReporter -->
<testsuite ignored="3" hostname="VivoBook" failures="0" tests="1" name="Default test" time="33.727" errors="0" timestamp="2024-10-15T11:42:44 IST">
  <testcase classname="com.remedi.test.StandAloneTest" name="caseSheetFilling" time="28.185"/>
  <testcase classname="com.remedi.test.StandAloneTest" name="patient_Registeration" time="0.0">
    <ignored/>
  </testcase> <!-- patient_Registeration -->
  <testcase classname="com.remedi.test.StandAloneTest" name="PrivacyLinkTest" time="0.0">
    <ignored/>
  </testcase> <!-- PrivacyLinkTest -->
  <testcase classname="com.remedi.test.StandAloneTest" name="submitTest" time="0.0">
    <ignored/>
  </testcase> <!-- submitTest -->
</testsuite> <!-- Default test -->
