<?xml version="1.0" encoding="UTF-8"?>
<!-- Generated by org.testng.reporters.JUnitXMLReporter -->
<testsuite ignored="0" hostname="VivoBook" failures="0" tests="5" name="errorvalidationsTest" time="41.052" errors="0" timestamp="2024-10-16T14:03:36 IST">
  <testcase classname="com.remedi.test.ErrorValidationsTest" name="blankUsername_validpassword" time="1.186"/>
  <testcase classname="com.remedi.test.ErrorValidationsTest" name="blankusername_blankpassword" time="0.938"/>
  <testcase classname="com.remedi.test.ErrorValidationsTest" name="invalidUsername_validPassword" time="1.398"/>
  <testcase classname="com.remedi.test.ErrorValidationsTest" name="validUsername_blankpassword" time="0.968"/>
  <testcase classname="com.remedi.test.ErrorValidationsTest" name="validUsername_invalidPassword" time="1.282"/>
</testsuite> <!-- errorvalidationsTest -->
