<?xml version="1.0" encoding="UTF-8"?>
<!-- Generated by org.testng.reporters.JUnitXMLReporter -->
<testsuite ignored="0" hostname="VivoBook" failures="0" tests="3" name="StandaloneTest" time="22.496" errors="0" timestamp="2024-09-22T22:35:30 IST">
  <testcase classname="com.remedi.test.StandAloneTest" name="submitTest" time="0.639"/>
  <testcase classname="com.remedi.test.StandAloneTest" name="submitTest" time="0.58"/>
  <testcase classname="com.remedi.test.StandAloneTest" name="submitTest" time="0.59"/>
</testsuite> <!-- StandaloneTest -->
