<?xml version="1.0" encoding="UTF-8"?>
<!-- Generated by org.testng.reporters.JUnitXMLReporter -->
<testsuite ignored="4" hostname="VivoBook" failures="0" tests="0" time="0.002" errors="0" timestamp="2024-10-17T08:23:05 IST">
  <testcase classname="com.remedi.test.StandAloneTest" name="caseSheetFilling" time="0.0">
    <ignored/>
  </testcase> <!-- caseSheetFilling -->
  <testcase classname="com.remedi.test.StandAloneTest" name="patient_Registeration" time="0.0">
    <ignored/>
  </testcase> <!-- patient_Registeration -->
  <testcase classname="com.remedi.test.StandAloneTest" name="PrivacyLinkTest" time="0.0">
    <ignored/>
  </testcase> <!-- PrivacyLinkTest -->
  <testcase classname="com.remedi.test.StandAloneTest" name="submitTest" time="0.0">
    <ignored/>
  </testcase> <!-- submitTest -->
</testsuite>
