<?xml version="1.0" encoding="UTF-8"?>
<!-- Generated by org.testng.reporters.JUnitXMLReporter -->
<testsuite ignored="0" hostname="VivoBook" failures="0" tests="5" name="errorvalidationsTest" time="21.1" errors="0" timestamp="2024-10-20T19:52:41 IST">
  <testcase classname="com.remedi.test.ErrorValidationsTest" name="blankUsername_validpassword" time="1.562"/>
  <testcase classname="com.remedi.test.ErrorValidationsTest" name="blankusername_blankpassword" time="0.91"/>
  <testcase classname="com.remedi.test.ErrorValidationsTest" name="invalidUsername_validPassword" time="1.028"/>
  <testcase classname="com.remedi.test.ErrorValidationsTest" name="validUsername_blankpassword" time="0.889"/>
  <testcase classname="com.remedi.test.ErrorValidationsTest" name="validUsername_invalidPassword" time="0.45"/>
</testsuite> <!-- errorvalidationsTest -->
