<?xml version="1.0" encoding="UTF-8"?>
<!-- Generated by org.testng.reporters.JUnitXMLReporter -->
<testsuite ignored="0" hostname="VivoBook" failures="0" tests="5" name="errorvalidationsTest" time="16.358" errors="0" timestamp="2024-10-20T22:38:51 IST">
  <testcase classname="com.remedi.test.ErrorValidationsTest" name="blankUsername_validpassword" time="0.809"/>
  <testcase classname="com.remedi.test.ErrorValidationsTest" name="blankusername_blankpassword" time="0.782"/>
  <testcase classname="com.remedi.test.ErrorValidationsTest" name="invalidUsername_validPassword" time="0.531"/>
  <testcase classname="com.remedi.test.ErrorValidationsTest" name="validUsername_blankpassword" time="0.806"/>
  <testcase classname="com.remedi.test.ErrorValidationsTest" name="validUsername_invalidPassword" time="0.865"/>
</testsuite> <!-- errorvalidationsTest -->
