<?xml version="1.0" encoding="UTF-8"?>
<testng-results ignored="0" total="5" passed="5" failed="0" skipped="0">
  <reporter-output>
  </reporter-output>
  <suite started-at="2024-09-23T22:09:06 IST" name="Suite" finished-at="2024-09-23T22:10:19 IST" duration-ms="72756">
    <groups>
      <group name="NegativeScenario">
        <method signature="ErrorValidationsTest.blankusername_blankpassword()[pri:0, instance:com.remedi.test.ErrorValidationsTest@3ba987b8]" name="blankusername_blankpassword" class="com.remedi.test.ErrorValidationsTest"/>
      </group> <!-- NegativeScenario -->
    </groups>
    <test started-at="2024-09-23T22:09:06 IST" name="errorvalidationsTest" finished-at="2024-09-23T22:10:19 IST" duration-ms="72756">
      <class name="com.remedi.test.ErrorValidationsTest">
        <test-method is-config="true" signature="launchApplication()[pri:0, instance:com.remedi.test.ErrorValidationsTest@3ba987b8]" started-at="2024-09-23T22:09:06 IST" name="launchApplication" finished-at="2024-09-23T22:09:20 IST" duration-ms="13583" status="PASS">
          <reporter-output>
          </reporter-output>
        </test-method> <!-- launchApplication -->
        <test-method signature="blankUsername_validpassword()[pri:0, instance:com.remedi.test.ErrorValidationsTest@3ba987b8]" started-at="2024-09-23T22:09:20 IST" name="blankUsername_validpassword" finished-at="2024-09-23T22:09:21 IST" duration-ms="1874" status="PASS">
          <reporter-output>
          </reporter-output>
        </test-method> <!-- blankUsername_validpassword -->
        <test-method is-config="true" signature="tearDown()[pri:0, instance:com.remedi.test.ErrorValidationsTest@3ba987b8]" started-at="2024-09-23T22:09:21 IST" name="tearDown" finished-at="2024-09-23T22:09:22 IST" duration-ms="283" status="PASS">
          <reporter-output>
          </reporter-output>
        </test-method> <!-- tearDown -->
        <test-method is-config="true" signature="launchApplication()[pri:0, instance:com.remedi.test.ErrorValidationsTest@3ba987b8]" started-at="2024-09-23T22:09:22 IST" name="launchApplication" finished-at="2024-09-23T22:09:28 IST" duration-ms="6379" status="PASS">
          <reporter-output>
          </reporter-output>
        </test-method> <!-- launchApplication -->
        <test-method signature="blankusername_blankpassword()[pri:0, instance:com.remedi.test.ErrorValidationsTest@3ba987b8]" started-at="2024-09-23T22:09:28 IST" name="blankusername_blankpassword" finished-at="2024-09-23T22:09:30 IST" duration-ms="1982" status="PASS">
          <reporter-output>
          </reporter-output>
        </test-method> <!-- blankusername_blankpassword -->
        <test-method is-config="true" signature="tearDown()[pri:0, instance:com.remedi.test.ErrorValidationsTest@3ba987b8]" started-at="2024-09-23T22:09:30 IST" name="tearDown" finished-at="2024-09-23T22:09:30 IST" duration-ms="248" status="PASS">
          <reporter-output>
          </reporter-output>
        </test-method> <!-- tearDown -->
        <test-method is-config="true" signature="launchApplication()[pri:0, instance:com.remedi.test.ErrorValidationsTest@3ba987b8]" started-at="2024-09-23T22:09:30 IST" name="launchApplication" finished-at="2024-09-23T22:09:42 IST" duration-ms="11212" status="PASS">
          <reporter-output>
          </reporter-output>
        </test-method> <!-- launchApplication -->
        <test-method signature="invalidUsername_validPassword()[pri:0, instance:com.remedi.test.ErrorValidationsTest@3ba987b8]" started-at="2024-09-23T22:09:42 IST" name="invalidUsername_validPassword" finished-at="2024-09-23T22:09:44 IST" duration-ms="2820" status="PASS">
          <reporter-output>
          </reporter-output>
        </test-method> <!-- invalidUsername_validPassword -->
        <test-method is-config="true" signature="tearDown()[pri:0, instance:com.remedi.test.ErrorValidationsTest@3ba987b8]" started-at="2024-09-23T22:09:44 IST" name="tearDown" finished-at="2024-09-23T22:09:45 IST" duration-ms="213" status="PASS">
          <reporter-output>
          </reporter-output>
        </test-method> <!-- tearDown -->
        <test-method is-config="true" signature="launchApplication()[pri:0, instance:com.remedi.test.ErrorValidationsTest@3ba987b8]" started-at="2024-09-23T22:09:45 IST" name="launchApplication" finished-at="2024-09-23T22:09:58 IST" duration-ms="13847" status="PASS">
          <reporter-output>
          </reporter-output>
        </test-method> <!-- launchApplication -->
        <test-method signature="validUsername_blankpassword()[pri:0, instance:com.remedi.test.ErrorValidationsTest@3ba987b8]" started-at="2024-09-23T22:09:58 IST" name="validUsername_blankpassword" finished-at="2024-09-23T22:10:00 IST" duration-ms="1774" status="PASS">
          <reporter-output>
          </reporter-output>
        </test-method> <!-- validUsername_blankpassword -->
        <test-method is-config="true" signature="tearDown()[pri:0, instance:com.remedi.test.ErrorValidationsTest@3ba987b8]" started-at="2024-09-23T22:10:00 IST" name="tearDown" finished-at="2024-09-23T22:10:00 IST" duration-ms="166" status="PASS">
          <reporter-output>
          </reporter-output>
        </test-method> <!-- tearDown -->
        <test-method is-config="true" signature="launchApplication()[pri:0, instance:com.remedi.test.ErrorValidationsTest@3ba987b8]" started-at="2024-09-23T22:10:00 IST" name="launchApplication" finished-at="2024-09-23T22:10:17 IST" duration-ms="16519" status="PASS">
          <reporter-output>
          </reporter-output>
        </test-method> <!-- launchApplication -->
        <test-method signature="validUsername_invalidPassword()[pri:0, instance:com.remedi.test.ErrorValidationsTest@3ba987b8]" started-at="2024-09-23T22:10:17 IST" name="validUsername_invalidPassword" finished-at="2024-09-23T22:10:18 IST" duration-ms="1473" status="PASS">
          <reporter-output>
          </reporter-output>
        </test-method> <!-- validUsername_invalidPassword -->
        <test-method is-config="true" signature="tearDown()[pri:0, instance:com.remedi.test.ErrorValidationsTest@3ba987b8]" started-at="2024-09-23T22:10:18 IST" name="tearDown" finished-at="2024-09-23T22:10:19 IST" duration-ms="291" status="PASS">
          <reporter-output>
          </reporter-output>
        </test-method> <!-- tearDown -->
      </class> <!-- com.remedi.test.ErrorValidationsTest -->
    </test> <!-- errorvalidationsTest -->
  </suite> <!-- Suite -->
</testng-results>
