<?xml version="1.0" encoding="UTF-8"?>
<testng-results ignored="4" total="5" passed="1" failed="0" skipped="0">
  <reporter-output>
  </reporter-output>
  <suite started-at="2024-10-16T15:57:26 IST" name="Default suite" finished-at="2024-10-16T15:57:41 IST" duration-ms="14926">
    <groups>
      <group name="NegativeScenario">
        <method signature="ErrorValidationsTest.blankusername_blankpassword()[pri:0, instance:com.remedi.test.ErrorValidationsTest@42a48628]" name="blankusername_blankpassword" class="com.remedi.test.ErrorValidationsTest"/>
      </group> <!-- NegativeScenario -->
    </groups>
    <test started-at="2024-10-16T15:57:26 IST" name="Default test" finished-at="2024-10-16T15:57:41 IST" duration-ms="14926">
      <class name="com.remedi.test.ErrorValidationsTest">
        <test-method is-config="true" signature="launchApplication()[pri:0, instance:com.remedi.test.ErrorValidationsTest@42a48628]" started-at="2024-10-16T15:57:26 IST" name="launchApplication" finished-at="2024-10-16T15:57:40 IST" duration-ms="13849" status="PASS">
          <reporter-output>
          </reporter-output>
        </test-method> <!-- launchApplication -->
        <test-method signature="blankusername_blankpassword()[pri:0, instance:com.remedi.test.ErrorValidationsTest@42a48628]" started-at="2024-10-16T15:57:40 IST" name="blankusername_blankpassword" finished-at="2024-10-16T15:57:41 IST" duration-ms="898" status="PASS">
          <reporter-output>
          </reporter-output>
        </test-method> <!-- blankusername_blankpassword -->
        <test-method is-config="true" signature="tearDown()[pri:0, instance:com.remedi.test.ErrorValidationsTest@42a48628]" started-at="2024-10-16T15:57:41 IST" name="tearDown" finished-at="2024-10-16T15:57:41 IST" duration-ms="121" status="PASS">
          <reporter-output>
          </reporter-output>
        </test-method> <!-- tearDown -->
      </class> <!-- com.remedi.test.ErrorValidationsTest -->
    </test> <!-- Default test -->
  </suite> <!-- Default suite -->
</testng-results>
