<?xml version="1.0" encoding="UTF-8"?>
<!-- Generated by org.testng.reporters.JUnitXMLReporter -->
<testsuite ignored="3" hostname="VivoBook" failures="0" tests="3" name="StandaloneTest" time="17.696" errors="0" timestamp="2024-10-16T13:30:32 IST">
  <testcase classname="com.remedi.test.StandAloneTest" name="submitTest" time="0.409"/>
  <testcase classname="com.remedi.test.StandAloneTest" name="submitTest" time="0.502"/>
  <testcase classname="com.remedi.test.StandAloneTest" name="submitTest" time="0.405"/>
  <testcase classname="com.remedi.test.StandAloneTest" name="PrivacyLinkTest" time="0.0">
    <ignored/>
  </testcase> <!-- PrivacyLinkTest -->
  <testcase classname="com.remedi.test.StandAloneTest" name="patient_Registeration" time="0.0">
    <ignored/>
  </testcase> <!-- patient_Registeration -->
  <testcase classname="com.remedi.test.StandAloneTest" name="caseSheetFilling" time="0.0">
    <ignored/>
  </testcase> <!-- caseSheetFilling -->
</testsuite> <!-- StandaloneTest -->
